<?xml version="1.0" encoding="UTF-8"?>
<!-- Generated by org.testng.reporters.JUnitReportReporter -->
<testsuite hostname="Ibrahimifty21" failures="0" tests="5" name="testcases.Rokomari" time="72.503" errors="0" timestamp="2023-04-17T05:02:39 BDT" skipped="0">
  <testcase classname="testcases.Rokomari" name="rokomarihomeTest" time="12.902"/>
  <system-out/>
  <testcase classname="testcases.Rokomari" name="selectByAuthor" time="12.672"/>
  <system-out/>
  <testcase classname="testcases.Rokomari" name="filterCatagory" time="20.299"/>
  <system-out/>
  <testcase classname="testcases.Rokomari" name="validSignInTest" time="19.145"/>
  <system-out/>
  <testcase classname="testcases.Rokomari" name="provideShippingInformation" time="7.485"/>
  <system-out/>
</testsuite> <!-- testcases.Rokomari -->
